2026-05-25 16:55:33 [ERROR] SARVAM_API_KEY environment variable is not set.
2026-05-25 16:55:49 [ERROR] SARVAM_API_KEY environment variable is not set.
2026-05-25 16:56:57 [ERROR] SARVAM_API_KEY environment variable is not set.
2026-05-25 16:57:00 [ERROR] SARVAM_API_KEY environment variable is not set.
2026-05-25 16:57:40 [ERROR] SARVAM_API_KEY environment variable is not set.
2026-05-25 16:57:57 [ERROR] SARVAM_API_KEY environment variable is not set.
2026-05-25 16:57:59 [ERROR] SARVAM_API_KEY environment variable is not set.
2026-05-25 16:58:05 [ERROR] SARVAM_API_KEY environment variable is not set.
2026-05-25 16:58:06 [ERROR] SARVAM_API_KEY environment variable is not set.
2026-05-25 16:58:12 [ERROR] SARVAM_API_KEY environment variable is not set.
2026-05-25 16:58:50 [ERROR] SARVAM_API_KEY environment variable is not set.
2026-05-25 17:00:21 [INFO] Processing 6 file(s) with 3 worker(s).
2026-05-25 17:00:22 [WARNING] Attempt 1 failed: [SSL: CERTIFICATE_VERIFY_FAILED] certificate verify failed: unable to get local issuer certificate (_ssl.c:1081). Retrying in 2.0s...
2026-05-25 17:00:22 [WARNING] Attempt 1 failed: [SSL: CERTIFICATE_VERIFY_FAILED] certificate verify failed: unable to get local issuer certificate (_ssl.c:1081). Retrying in 2.0s...
2026-05-25 17:00:22 [WARNING] Attempt 1 failed: [SSL: CERTIFICATE_VERIFY_FAILED] certificate verify failed: unable to get local issuer certificate (_ssl.c:1081). Retrying in 2.0s...
2026-05-25 17:00:24 [WARNING] Attempt 2 failed: [SSL: CERTIFICATE_VERIFY_FAILED] certificate verify failed: unable to get local issuer certificate (_ssl.c:1081). Retrying in 4.0s...
2026-05-25 17:00:24 [WARNING] Attempt 2 failed: [SSL: CERTIFICATE_VERIFY_FAILED] certificate verify failed: unable to get local issuer certificate (_ssl.c:1081). Retrying in 4.0s...
2026-05-25 17:00:24 [WARNING] Attempt 2 failed: [SSL: CERTIFICATE_VERIFY_FAILED] certificate verify failed: unable to get local issuer certificate (_ssl.c:1081). Retrying in 4.0s...
2026-05-25 17:00:28 [WARNING] Attempt 3 failed: [SSL: CERTIFICATE_VERIFY_FAILED] certificate verify failed: unable to get local issuer certificate (_ssl.c:1081). Retrying in 8.0s...
2026-05-25 17:00:28 [ERROR] Error [invoice_azimg_20260519_153613_901_0001.png]: [SSL: CERTIFICATE_VERIFY_FAILED] certificate verify failed: unable to get local issuer certificate (_ssl.c:1081)
2026-05-25 17:00:28 [WARNING] Attempt 3 failed: [SSL: CERTIFICATE_VERIFY_FAILED] certificate verify failed: unable to get local issuer certificate (_ssl.c:1081). Retrying in 8.0s...
2026-05-25 17:00:28 [WARNING] Attempt 3 failed: [SSL: CERTIFICATE_VERIFY_FAILED] certificate verify failed: unable to get local issuer certificate (_ssl.c:1081). Retrying in 8.0s...
2026-05-25 17:00:28 [ERROR] Error [invoice_azimg_20260519_153746_560_0002.png]: [SSL: CERTIFICATE_VERIFY_FAILED] certificate verify failed: unable to get local issuer certificate (_ssl.c:1081)
2026-05-25 17:00:28 [ERROR] Error [invoice_azimg_20260519_122908_227_0001.png]: [SSL: CERTIFICATE_VERIFY_FAILED] certificate verify failed: unable to get local issuer certificate (_ssl.c:1081)
2026-05-25 17:00:28 [WARNING] Attempt 1 failed: [SSL: CERTIFICATE_VERIFY_FAILED] certificate verify failed: unable to get local issuer certificate (_ssl.c:1081). Retrying in 2.0s...
2026-05-25 17:00:28 [WARNING] Attempt 1 failed: [SSL: CERTIFICATE_VERIFY_FAILED] certificate verify failed: unable to get local issuer certificate (_ssl.c:1081). Retrying in 2.0s...
2026-05-25 17:00:28 [WARNING] Attempt 1 failed: [SSL: CERTIFICATE_VERIFY_FAILED] certificate verify failed: unable to get local issuer certificate (_ssl.c:1081). Retrying in 2.0s...
2026-05-25 17:00:30 [WARNING] Attempt 2 failed: [SSL: CERTIFICATE_VERIFY_FAILED] certificate verify failed: unable to get local issuer certificate (_ssl.c:1081). Retrying in 4.0s...
2026-05-25 17:00:30 [WARNING] Attempt 2 failed: [SSL: CERTIFICATE_VERIFY_FAILED] certificate verify failed: unable to get local issuer certificate (_ssl.c:1081). Retrying in 4.0s...
2026-05-25 17:00:30 [WARNING] Attempt 2 failed: [SSL: CERTIFICATE_VERIFY_FAILED] certificate verify failed: unable to get local issuer certificate (_ssl.c:1081). Retrying in 4.0s...
2026-05-25 17:00:34 [WARNING] Attempt 3 failed: [SSL: CERTIFICATE_VERIFY_FAILED] certificate verify failed: unable to get local issuer certificate (_ssl.c:1081). Retrying in 8.0s...
2026-05-25 17:00:34 [ERROR] Error [invoice_azimg_20260519_153910_700_0003.png]: [SSL: CERTIFICATE_VERIFY_FAILED] certificate verify failed: unable to get local issuer certificate (_ssl.c:1081)
2026-05-25 17:00:34 [WARNING] Attempt 3 failed: [SSL: CERTIFICATE_VERIFY_FAILED] certificate verify failed: unable to get local issuer certificate (_ssl.c:1081). Retrying in 8.0s...
2026-05-25 17:00:34 [WARNING] Attempt 3 failed: [SSL: CERTIFICATE_VERIFY_FAILED] certificate verify failed: unable to get local issuer certificate (_ssl.c:1081). Retrying in 8.0s...
2026-05-25 17:00:34 [ERROR] Error [invoice_azimg_20260519_154113_077_0004.png]: [SSL: CERTIFICATE_VERIFY_FAILED] certificate verify failed: unable to get local issuer certificate (_ssl.c:1081)
2026-05-25 17:00:34 [ERROR] Error [invoice_azimg_20260519_154345_017_0005.png]: [SSL: CERTIFICATE_VERIFY_FAILED] certificate verify failed: unable to get local issuer certificate (_ssl.c:1081)
2026-05-25 17:00:34 [INFO] Finished. ✓ 0 processed | ⏭ 0 skipped | ✗ 6 errors. See sarvam_ocr.log for details.
2026-05-25 17:04:13 [INFO] Processing 6 file(s) with 3 worker(s).
2026-05-25 17:04:13 [WARNING] Attempt 1 failed: [SSL: CERTIFICATE_VERIFY_FAILED] certificate verify failed: unable to get local issuer certificate (_ssl.c:1081). Retrying in 2.0s...
2026-05-25 17:04:13 [WARNING] Attempt 1 failed: [SSL: CERTIFICATE_VERIFY_FAILED] certificate verify failed: unable to get local issuer certificate (_ssl.c:1081). Retrying in 2.0s...
2026-05-25 17:04:13 [WARNING] Attempt 1 failed: [SSL: CERTIFICATE_VERIFY_FAILED] certificate verify failed: unable to get local issuer certificate (_ssl.c:1081). Retrying in 2.0s...
2026-05-25 17:04:15 [WARNING] Attempt 2 failed: [SSL: CERTIFICATE_VERIFY_FAILED] certificate verify failed: unable to get local issuer certificate (_ssl.c:1081). Retrying in 4.0s...
2026-05-25 17:04:15 [WARNING] Attempt 2 failed: [SSL: CERTIFICATE_VERIFY_FAILED] certificate verify failed: unable to get local issuer certificate (_ssl.c:1081). Retrying in 4.0s...
2026-05-25 17:04:15 [WARNING] Attempt 2 failed: [SSL: CERTIFICATE_VERIFY_FAILED] certificate verify failed: unable to get local issuer certificate (_ssl.c:1081). Retrying in 4.0s...
2026-05-25 17:04:19 [WARNING] Attempt 3 failed: [SSL: CERTIFICATE_VERIFY_FAILED] certificate verify failed: unable to get local issuer certificate (_ssl.c:1081). Retrying in 8.0s...
2026-05-25 17:04:19 [WARNING] Attempt 3 failed: [SSL: CERTIFICATE_VERIFY_FAILED] certificate verify failed: unable to get local issuer certificate (_ssl.c:1081). Retrying in 8.0s...
2026-05-25 17:04:19 [WARNING] Attempt 3 failed: [SSL: CERTIFICATE_VERIFY_FAILED] certificate verify failed: unable to get local issuer certificate (_ssl.c:1081). Retrying in 8.0s...
2026-05-25 17:04:19 [ERROR] Error [invoice_azimg_20260519_153613_901_0001.png]: [SSL: CERTIFICATE_VERIFY_FAILED] certificate verify failed: unable to get local issuer certificate (_ssl.c:1081)
2026-05-25 17:04:19 [ERROR] Error [invoice_azimg_20260519_122908_227_0001.png]: [SSL: CERTIFICATE_VERIFY_FAILED] certificate verify failed: unable to get local issuer certificate (_ssl.c:1081)
2026-05-25 17:04:19 [ERROR] Error [invoice_azimg_20260519_153746_560_0002.png]: [SSL: CERTIFICATE_VERIFY_FAILED] certificate verify failed: unable to get local issuer certificate (_ssl.c:1081)
2026-05-25 17:04:20 [WARNING] Attempt 1 failed: [SSL: CERTIFICATE_VERIFY_FAILED] certificate verify failed: unable to get local issuer certificate (_ssl.c:1081). Retrying in 2.0s...
2026-05-25 17:04:20 [WARNING] Attempt 1 failed: [SSL: CERTIFICATE_VERIFY_FAILED] certificate verify failed: unable to get local issuer certificate (_ssl.c:1081). Retrying in 2.0s...
2026-05-25 17:04:20 [WARNING] Attempt 1 failed: [SSL: CERTIFICATE_VERIFY_FAILED] certificate verify failed: unable to get local issuer certificate (_ssl.c:1081). Retrying in 2.0s...
2026-05-25 17:04:22 [WARNING] Attempt 2 failed: [SSL: CERTIFICATE_VERIFY_FAILED] certificate verify failed: unable to get local issuer certificate (_ssl.c:1081). Retrying in 4.0s...
2026-05-25 17:04:22 [WARNING] Attempt 2 failed: [SSL: CERTIFICATE_VERIFY_FAILED] certificate verify failed: unable to get local issuer certificate (_ssl.c:1081). Retrying in 4.0s...
2026-05-25 17:04:22 [WARNING] Attempt 2 failed: [SSL: CERTIFICATE_VERIFY_FAILED] certificate verify failed: unable to get local issuer certificate (_ssl.c:1081). Retrying in 4.0s...
2026-05-25 17:04:26 [WARNING] Attempt 3 failed: [SSL: CERTIFICATE_VERIFY_FAILED] certificate verify failed: unable to get local issuer certificate (_ssl.c:1081). Retrying in 8.0s...
2026-05-25 17:04:26 [WARNING] Attempt 3 failed: [SSL: CERTIFICATE_VERIFY_FAILED] certificate verify failed: unable to get local issuer certificate (_ssl.c:1081). Retrying in 8.0s...
2026-05-25 17:04:26 [WARNING] Attempt 3 failed: [SSL: CERTIFICATE_VERIFY_FAILED] certificate verify failed: unable to get local issuer certificate (_ssl.c:1081). Retrying in 8.0s...
2026-05-25 17:04:26 [ERROR] Error [invoice_azimg_20260519_154113_077_0004.png]: [SSL: CERTIFICATE_VERIFY_FAILED] certificate verify failed: unable to get local issuer certificate (_ssl.c:1081)
2026-05-25 17:04:26 [ERROR] Error [invoice_azimg_20260519_153910_700_0003.png]: [SSL: CERTIFICATE_VERIFY_FAILED] certificate verify failed: unable to get local issuer certificate (_ssl.c:1081)
2026-05-25 17:04:26 [ERROR] Error [invoice_azimg_20260519_154345_017_0005.png]: [SSL: CERTIFICATE_VERIFY_FAILED] certificate verify failed: unable to get local issuer certificate (_ssl.c:1081)
2026-05-25 17:04:26 [INFO] Finished. ✓ 0 processed | ⏭ 0 skipped | ✗ 6 errors. See sarvam_ocr.log for details.
